<?xml version="1.0" encoding="UTF-8"?>
<testng-results ignored="0" total="1" passed="1" failed="0" skipped="0">
  <reporter-output>
  </reporter-output>
  <suite started-at="2021-12-02T01:54:27 IST" name="Default suite" finished-at="2021-12-02T01:54:34 IST" duration-ms="6992">
    <groups>
    </groups>
    <test started-at="2021-12-02T01:54:27 IST" name="Default test" finished-at="2021-12-02T01:54:34 IST" duration-ms="6992">
      <class name="RestAssured1.Delete1">
        <test-method signature="delete12()[pri:0, instance:RestAssured1.Delete1@40cb8df7]" started-at="2021-12-02T01:54:27 IST" name="delete12" finished-at="2021-12-02T01:54:34 IST" duration-ms="6856" status="PASS">
          <reporter-output>
          </reporter-output>
        </test-method> <!-- delete12 -->
      </class> <!-- RestAssured1.Delete1 -->
    </test> <!-- Default test -->
  </suite> <!-- Default suite -->
</testng-results>
